2025-06-19 15:14:00 | INFO | repo=pv243-a4m36jee-2016-security-seminar | action=commit
2025-05-15 10:08:00 | INFO | repo=pv243-a4m36jee-2016-security-seminar | action=commit
2025-08-23 15:20:00 | INFO | repo=pv243-a4m36jee-2016-security-seminar | action=commit
2025-09-14 21:46:00 | INFO | repo=pv243-a4m36jee-2016-security-seminar | action=commit
2025-01-21 07:16:00 | WARN | repo=pv243-a4m36jee-2016-security-seminar | action=pull
2025-05-27 20:20:00 | DEBUG | repo=pv243-a4m36jee-2016-security-seminar | action=test | passed=true
2025-09-22 14:48:00 | INFO | repo=pv243-a4m36jee-2016-security-seminar | action=commit
2025-08-07 14:01:00 | WARN | repo=pv243-a4m36jee-2016-security-seminar | action=pull
2025-07-09 09:55:00 | INFO | repo=pv243-a4m36jee-2016-security-seminar | action=commit
2025-07-12 15:24:00 | INFO | repo=pv243-a4m36jee-2016-security-seminar | action=commit
2025-11-15 08:41:00 | DEBUG | repo=pv243-a4m36jee-2016-security-seminar | action=commit
2025-07-05 15:53:00 | DEBUG | repo=pv243-a4m36jee-2016-security-seminar | action=commit
2025-01-23 09:55:00 | WARN | repo=pv243-a4m36jee-2016-security-seminar | action=commit
2025-08-03 21:35:00 | INFO | repo=pv243-a4m36jee-2016-security-seminar | action=commit
2025-03-01 12:42:00 | WARN | repo=pv243-a4m36jee-2016-security-seminar | action=commit
2025-02-21 19:37:00 | INFO | repo=pv243-a4m36jee-2016-security-seminar | action=commit
2025-07-25 21:08:00 | DEBUG | repo=pv243-a4m36jee-2016-security-seminar | action=commit
2025-12-06 14:09:00 | DEBUG | repo=pv243-a4m36jee-2016-security-seminar | action=commit
2025-05-24 19:00:00 | WARN | repo=pv243-a4m36jee-2016-security-seminar | action=commit
2025-05-08 07:14:00 | INFO | repo=pv243-a4m36jee-2016-security-seminar | action=commit
2025-07-12 18:58:00 | DEBUG | repo=pv243-a4m36jee-2016-security-seminar | action=commit
2025-09-16 12:38:00 | INFO | repo=pv243-a4m36jee-2016-security-seminar | action=commit
2025-06-24 18:51:00 | WARN | repo=pv243-a4m36jee-2016-security-seminar | action=commit
2025-07-14 09:38:00 | WARN | repo=pv243-a4m36jee-2016-security-seminar | action=test | passed=true
2025-11-27 16:59:00 | DEBUG | repo=pv243-a4m36jee-2016-security-seminar | action=commit
2025-05-28 13:53:00 | DEBUG | repo=pv243-a4m36jee-2016-security-seminar | action=commit
2025-11-02 16:34:00 | DEBUG | repo=pv243-a4m36jee-2016-security-seminar | action=commit
2025-08-14 12:14:00 | DEBUG | repo=pv243-a4m36jee-2016-security-seminar | action=pull
2025-07-24 14:45:00 | WARN | repo=pv243-a4m36jee-2016-security-seminar | action=commit
2025-04-26 20:38:00 | DEBUG | repo=pv243-a4m36jee-2016-security-seminar | action=test | passed=true
2025-06-11 11:25:00 | WARN | repo=pv243-a4m36jee-2016-security-seminar | action=commit
2025-11-16 15:42:00 | DEBUG | repo=pv243-a4m36jee-2016-security-seminar | action=commit
2025-10-28 13:31:00 | DEBUG | repo=pv243-a4m36jee-2016-security-seminar | action=commit
2025-10-04 17:59:00 | DEBUG | repo=pv243-a4m36jee-2016-security-seminar | action=commit
2025-07-15 18:20:00 | WARN | repo=pv243-a4m36jee-2016-security-seminar | action=test | passed=true
2025-02-06 17:40:00 | WARN | repo=pv243-a4m36jee-2016-security-seminar | action=commit
2025-09-15 12:02:00 | DEBUG | repo=pv243-a4m36jee-2016-security-seminar | action=commit
2025-04-19 19:52:00 | WARN | repo=pv243-a4m36jee-2016-security-seminar | action=commit
2025-08-16 19:45:00 | INFO | repo=pv243-a4m36jee-2016-security-seminar | action=edit | files=5
2025-02-07 08:17:00 | INFO | repo=pv243-a4m36jee-2016-security-seminar | action=commit
2025-01-10 15:30:00 | INFO | repo=pv243-a4m36jee-2016-security-seminar | action=commit
2025-12-02 21:25:00 | DEBUG | repo=pv243-a4m36jee-2016-security-seminar | action=test | passed=true
2025-05-03 15:00:00 | WARN | repo=pv243-a4m36jee-2016-security-seminar | action=commit
2025-11-10 08:36:00 | INFO | repo=pv243-a4m36jee-2016-security-seminar | action=commit
2025-10-06 14:51:00 | INFO | repo=pv243-a4m36jee-2016-security-seminar | action=commit
2025-04-03 21:51:00 | WARN | repo=pv243-a4m36jee-2016-security-seminar | action=commit
2025-09-25 18:15:00 | DEBUG | repo=pv243-a4m36jee-2016-security-seminar | action=edit | files=2
2025-12-05 12:32:00 | WARN | repo=pv243-a4m36jee-2016-security-seminar | action=commit
2025-12-10 15:39:00 | INFO | repo=pv243-a4m36jee-2016-security-seminar | action=commit
2025-08-22 14:26:00 | DEBUG | repo=pv243-a4m36jee-2016-security-seminar | action=commit
2025-01-22 18:31:00 | INFO | repo=pv243-a4m36jee-2016-security-seminar | action=commit
2025-11-01 19:25:00 | INFO | repo=pv243-a4m36jee-2016-security-seminar | action=commit
2025-02-20 15:22:00 | INFO | repo=pv243-a4m36jee-2016-security-seminar | action=commit
2025-05-06 17:04:00 | WARN | repo=pv243-a4m36jee-2016-security-seminar | action=commit
2025-05-13 11:52:00 | WARN | repo=pv243-a4m36jee-2016-security-seminar | action=edit | files=3
2025-01-28 13:05:00 | WARN | repo=pv243-a4m36jee-2016-security-seminar | action=commit
2025-03-04 08:58:00 | INFO | repo=pv243-a4m36jee-2016-security-seminar | action=commit
2025-04-19 17:09:00 | WARN | repo=pv243-a4m36jee-2016-security-seminar | action=edit | files=1
2025-01-05 12:12:00 | DEBUG | repo=pv243-a4m36jee-2016-security-seminar | action=commit
2025-02-17 10:46:00 | INFO | repo=pv243-a4m36jee-2016-security-seminar | action=commit
2025-02-22 16:58:00 | WARN | repo=pv243-a4m36jee-2016-security-seminar | action=commit
2025-07-13 12:13:00 | WARN | repo=pv243-a4m36jee-2016-security-seminar | action=commit
2025-07-11 17:33:00 | DEBUG | repo=pv243-a4m36jee-2016-security-seminar | action=commit
2025-06-24 10:44:00 | INFO | repo=pv243-a4m36jee-2016-security-seminar | action=commit
2025-02-05 20:22:00 | WARN | repo=pv243-a4m36jee-2016-security-seminar | action=commit
2025-08-13 10:21:00 | WARN | repo=pv243-a4m36jee-2016-security-seminar | action=commit
2025-04-12 21:15:00 | DEBUG | repo=pv243-a4m36jee-2016-security-seminar | action=edit | files=2
2025-08-20 07:23:00 | DEBUG | repo=pv243-a4m36jee-2016-security-seminar | action=commit
2025-07-22 07:29:00 | DEBUG | repo=pv243-a4m36jee-2016-security-seminar | action=pull
2025-11-27 13:40:00 | WARN | repo=pv243-a4m36jee-2016-security-seminar | action=edit | files=4
2025-10-09 08:10:00 | WARN | repo=pv243-a4m36jee-2016-security-seminar | action=commit
2025-01-13 19:05:00 | INFO | repo=pv243-a4m36jee-2016-security-seminar | action=commit
2025-08-03 18:31:00 | WARN | repo=pv243-a4m36jee-2016-security-seminar | action=commit
2025-07-27 19:52:00 | INFO | repo=pv243-a4m36jee-2016-security-seminar | action=commit
2025-05-12 07:32:00 | INFO | repo=pv243-a4m36jee-2016-security-seminar | action=commit
2025-04-23 16:12:00 | DEBUG | repo=pv243-a4m36jee-2016-security-seminar | action=commit
2025-11-21 13:49:00 | INFO | repo=pv243-a4m36jee-2016-security-seminar | action=commit
2025-09-02 16:35:00 | INFO | repo=pv243-a4m36jee-2016-security-seminar | action=commit
2025-10-26 19:07:00 | INFO | repo=pv243-a4m36jee-2016-security-seminar | action=commit
2025-05-23 19:56:00 | DEBUG | repo=pv243-a4m36jee-2016-security-seminar | action=commit
2025-02-15 15:40:00 | INFO | repo=pv243-a4m36jee-2016-security-seminar | action=commit
2025-10-01 16:35:00 | WARN | repo=pv243-a4m36jee-2016-security-seminar | action=commit
2025-01-25 10:52:00 | INFO | repo=pv243-a4m36jee-2016-security-seminar | action=commit
2025-06-01 18:43:00 | INFO | repo=pv243-a4m36jee-2016-security-seminar | action=commit
2025-01-23 08:16:00 | WARN | repo=pv243-a4m36jee-2016-security-seminar | action=commit
2025-03-14 16:56:00 | DEBUG | repo=pv243-a4m36jee-2016-security-seminar | action=commit
2025-04-02 10:51:00 | DEBUG | repo=pv243-a4m36jee-2016-security-seminar | action=commit
2025-04-02 18:11:00 | WARN | repo=pv243-a4m36jee-2016-security-seminar | action=commit
2025-09-26 07:23:00 | INFO | repo=pv243-a4m36jee-2016-security-seminar | action=commit
2025-08-23 17:11:00 | DEBUG | repo=pv243-a4m36jee-2016-security-seminar | action=commit
2025-03-21 21:23:00 | INFO | repo=pv243-a4m36jee-2016-security-seminar | action=commit
2025-02-11 07:24:00 | WARN | repo=pv243-a4m36jee-2016-security-seminar | action=commit
2025-06-27 13:45:00 | WARN | repo=pv243-a4m36jee-2016-security-seminar | action=commit
2025-07-16 18:33:00 | DEBUG | repo=pv243-a4m36jee-2016-security-seminar | action=commit
2025-01-28 16:13:00 | INFO | repo=pv243-a4m36jee-2016-security-seminar | action=test | passed=true
2025-07-25 09:42:00 | INFO | repo=pv243-a4m36jee-2016-security-seminar | action=commit
2025-04-26 09:49:00 | INFO | repo=pv243-a4m36jee-2016-security-seminar | action=commit
2025-12-07 12:48:00 | INFO | repo=pv243-a4m36jee-2016-security-seminar | action=commit
2025-01-18 21:46:00 | INFO | repo=pv243-a4m36jee-2016-security-seminar | action=pull
2025-10-04 19:32:00 | INFO | repo=pv243-a4m36jee-2016-security-seminar | action=edit | files=1
2025-08-26 13:37:00 | INFO | repo=pv243-a4m36jee-2016-security-seminar | action=commit
2025-07-28 20:20:00 | INFO | repo=pv243-a4m36jee-2016-security-seminar | action=commit
2025-08-16 18:35:00 | DEBUG | repo=pv243-a4m36jee-2016-security-seminar | action=commit
2025-03-12 16:36:00 | DEBUG | repo=pv243-a4m36jee-2016-security-seminar | action=commit
2025-03-17 07:37:00 | DEBUG | repo=pv243-a4m36jee-2016-security-seminar | action=edit | files=3
2025-12-02 08:32:00 | INFO | repo=pv243-a4m36jee-2016-security-seminar | action=commit
2025-11-04 11:24:00 | WARN | repo=pv243-a4m36jee-2016-security-seminar | action=commit
2025-09-23 15:04:00 | DEBUG | repo=pv243-a4m36jee-2016-security-seminar | action=commit
